\BOOKMARK [0][-]{chapter.1}{Color Graphs}{}% 1
\BOOKMARK [1][-]{section.1.1}{Theory}{chapter.1}% 2
\BOOKMARK [1][-]{section.1.2}{ On the representation of color graphs in coco2p }{chapter.1}% 3
\BOOKMARK [1][-]{section.1.3}{Functions for the construction of color graphs}{chapter.1}% 4
\BOOKMARK [1][-]{section.1.4}{Functions for the inspection of color graphs}{chapter.1}% 5
\BOOKMARK [1][-]{section.1.5}{ Creating new \(color\) graphs from given color graphs}{chapter.1}% 6
\BOOKMARK [1][-]{section.1.6}{ Testing properties of color graphs }{chapter.1}% 7
\BOOKMARK [1][-]{section.1.7}{Symmetries of color graphs}{chapter.1}% 8
\BOOKMARK [0][-]{chapter.2}{Structure Constants Tensors}{}% 9
\BOOKMARK [1][-]{section.2.1}{Introduction}{chapter.2}% 10
\BOOKMARK [1][-]{section.2.2}{ Functions for the construction of tensors }{chapter.2}% 11
\BOOKMARK [1][-]{section.2.3}{Functions for the inspection of tensors}{chapter.2}% 12
\BOOKMARK [1][-]{section.2.4}{ Testing properties of tensors }{chapter.2}% 13
\BOOKMARK [1][-]{section.2.5}{Symmetries of tensors}{chapter.2}% 14
\BOOKMARK [1][-]{section.2.6}{Character tables of structure constants tensors}{chapter.2}% 15
\BOOKMARK [0][-]{chapter.3}{WL-Stable Fusions of Color Graphs}{}% 16
\BOOKMARK [1][-]{section.3.1}{Introduction}{chapter.3}% 17
\BOOKMARK [1][-]{section.3.2}{Good sets}{chapter.3}% 18
\BOOKMARK [1][-]{section.3.3}{Orbits of good sets}{chapter.3}% 19
\BOOKMARK [1][-]{section.3.4}{Fusions}{chapter.3}% 20
\BOOKMARK [1][-]{section.3.5}{ Orbits of fusions}{chapter.3}% 21
\BOOKMARK [0][-]{chapter.4}{Partially ordered sets}{}% 22
\BOOKMARK [1][-]{section.4.1}{Introduction}{chapter.4}% 23
\BOOKMARK [1][-]{section.4.2}{General functions for coco2p-posets}{chapter.4}% 24
\BOOKMARK [1][-]{section.4.3}{Posets of color graphs}{chapter.4}% 25
\BOOKMARK [0][-]{chapter.5}{Color Semirings}{}% 26
\BOOKMARK [1][-]{section.5.1}{Introduction}{chapter.5}% 27
\BOOKMARK [0][-]{chapter*.3}{References}{}% 28
\BOOKMARK [0][-]{section*.4}{Index}{}% 29
