This is pdfTeX, Version 3.14159265-2.6-1.40.20 (TeX Live 2019) (preloaded format=pdflatex 2020.1.28)  3 FEB 2020 12:08
entering extended mode
 restricted \write18 enabled.
 %&-line parsing enabled.
**coco
(./coco.tex
LaTeX2e <2019-10-01> patch level 3
(/usr/local/texlive/2019/texmf-dist/tex/latex/base/report.cls
Document Class: report 2019/10/25 v1.4k Standard LaTeX document class
(/usr/local/texlive/2019/texmf-dist/tex/latex/base/size11.clo
File: size11.clo 2019/10/25 v1.4k Standard LaTeX file (size option)
)
\c@part=\count80
\c@chapter=\count81
\c@section=\count82
\c@subsection=\count83
\c@subsubsection=\count84
\c@paragraph=\count85
\c@subparagraph=\count86
\c@figure=\count87
\c@table=\count88
\abovecaptionskip=\skip41
\belowcaptionskip=\skip42
\bibindent=\dimen102
)
(/usr/local/texlive/2019/texmf-dist/tex/latex/geometry/geometry.sty
Package: geometry 2020/01/02 v5.9 Page Geometry

(/usr/local/texlive/2019/texmf-dist/tex/latex/graphics/keyval.sty
Package: keyval 2014/10/28 v1.15 key=value parser (DPC)
\KV@toks@=\toks14
)
(/usr/local/texlive/2019/texmf-dist/tex/generic/iftex/ifvtex.sty
Package: ifvtex 2019/10/25 v1.7 ifvtex legacy package. Use iftex instead.

(/usr/local/texlive/2019/texmf-dist/tex/generic/iftex/iftex.sty
Package: iftex 2019/11/07 v1.0c TeX engine tests
))
\Gm@cnth=\count89
\Gm@cntv=\count90
\c@Gm@tempcnt=\count91
\Gm@bindingoffset=\dimen103
\Gm@wd@mp=\dimen104
\Gm@odd@mp=\dimen105
\Gm@even@mp=\dimen106
\Gm@layoutwidth=\dimen107
\Gm@layoutheight=\dimen108
\Gm@layouthoffset=\dimen109
\Gm@layoutvoffset=\dimen110
\Gm@dimlist=\toks15
)
(/usr/local/texlive/2019/texmf-dist/tex/latex/amsfonts/amssymb.sty
Package: amssymb 2013/01/14 v3.01 AMS font symbols

(/usr/local/texlive/2019/texmf-dist/tex/latex/amsfonts/amsfonts.sty
Package: amsfonts 2013/01/14 v3.01 Basic AMSFonts support
\@emptytoks=\toks16
\symAMSa=\mathgroup4
\symAMSb=\mathgroup5
LaTeX Font Info:    Redeclaring math symbol \hbar on input line 98.
LaTeX Font Info:    Overwriting math alphabet `\mathfrak' in version `bold'
(Font)                  U/euf/m/n --> U/euf/b/n on input line 106.
))
(/usr/local/texlive/2019/texmf-dist/tex/latex/base/inputenc.sty
Package: inputenc 2018/08/11 v1.3c Input encoding file
\inpenc@prehook=\toks17
\inpenc@posthook=\toks18

(/usr/local/texlive/2019/texmf-dist/tex/latex/base/latin1.def
File: latin1.def 2018/08/11 v1.3c Input encoding file
))
(/usr/local/texlive/2019/texmf-dist/tex/latex/base/makeidx.sty
Package: makeidx 2014/09/29 v1.0m Standard LaTeX package
)
\@indexfile=\write3
\openout3 = `coco.idx'.


Writing index file coco.idx
(/usr/local/texlive/2019/texmf-dist/tex/latex/graphics/color.sty
Package: color 2016/07/10 v1.1e Standard LaTeX Color (DPC)

(/usr/local/texlive/2019/texmf-dist/tex/latex/graphics-cfg/color.cfg
File: color.cfg 2016/01/02 v1.6 sample color configuration
)
Package color Info: Driver file: pdftex.def on input line 147.

(/usr/local/texlive/2019/texmf-dist/tex/latex/graphics-def/pdftex.def
File: pdftex.def 2018/01/08 v1.0l Graphics/color driver for pdftex
))
(/usr/local/texlive/2019/texmf-dist/tex/latex/fancyvrb/fancyvrb.sty
Package: fancyvrb 2020/01/13 v3.5 verbatim text (tvz,hv)
\FV@CodeLineNo=\count92
\FV@InFile=\read1
\FV@TabBox=\box27
\c@FancyVerbLine=\count93
\FV@StepNumber=\count94
\FV@OutFile=\write4
)
(/usr/local/texlive/2019/texmf-dist/tex/latex/psnfss/mathptmx.sty
Package: mathptmx 2005/04/12 PSNFSS-v9.2a Times w/ Math, improved (SPQR, WaS) 
LaTeX Font Info:    Redeclaring symbol font `operators' on input line 28.
LaTeX Font Info:    Overwriting symbol font `operators' in version `normal'
(Font)                  OT1/cmr/m/n --> OT1/ztmcm/m/n on input line 28.
LaTeX Font Info:    Overwriting symbol font `operators' in version `bold'
(Font)                  OT1/cmr/bx/n --> OT1/ztmcm/m/n on input line 28.
LaTeX Font Info:    Redeclaring symbol font `letters' on input line 29.
LaTeX Font Info:    Overwriting symbol font `letters' in version `normal'
(Font)                  OML/cmm/m/it --> OML/ztmcm/m/it on input line 29.
LaTeX Font Info:    Overwriting symbol font `letters' in version `bold'
(Font)                  OML/cmm/b/it --> OML/ztmcm/m/it on input line 29.
LaTeX Font Info:    Redeclaring symbol font `symbols' on input line 30.
LaTeX Font Info:    Overwriting symbol font `symbols' in version `normal'
(Font)                  OMS/cmsy/m/n --> OMS/ztmcm/m/n on input line 30.
LaTeX Font Info:    Overwriting symbol font `symbols' in version `bold'
(Font)                  OMS/cmsy/b/n --> OMS/ztmcm/m/n on input line 30.
LaTeX Font Info:    Redeclaring symbol font `largesymbols' on input line 31.
LaTeX Font Info:    Overwriting symbol font `largesymbols' in version `normal'
(Font)                  OMX/cmex/m/n --> OMX/ztmcm/m/n on input line 31.
LaTeX Font Info:    Overwriting symbol font `largesymbols' in version `bold'
(Font)                  OMX/cmex/m/n --> OMX/ztmcm/m/n on input line 31.
\symbold=\mathgroup6
\symitalic=\mathgroup7
LaTeX Font Info:    Redeclaring math alphabet \mathbf on input line 34.
LaTeX Font Info:    Overwriting math alphabet `\mathbf' in version `normal'
(Font)                  OT1/cmr/bx/n --> OT1/ptm/bx/n on input line 34.
LaTeX Font Info:    Overwriting math alphabet `\mathbf' in version `bold'
(Font)                  OT1/cmr/bx/n --> OT1/ptm/bx/n on input line 34.
LaTeX Font Info:    Redeclaring math alphabet \mathit on input line 35.
LaTeX Font Info:    Overwriting math alphabet `\mathit' in version `normal'
(Font)                  OT1/cmr/m/it --> OT1/ptm/m/it on input line 35.
LaTeX Font Info:    Overwriting math alphabet `\mathit' in version `bold'
(Font)                  OT1/cmr/bx/it --> OT1/ptm/m/it on input line 35.
LaTeX Info: Redefining \hbar on input line 50.
)
(/usr/local/texlive/2019/texmf-dist/tex/latex/psnfss/helvet.sty
Package: helvet 2005/04/12 PSNFSS-v9.2a (WaS) 
)
(/usr/local/texlive/2019/texmf-dist/tex/latex/base/fontenc.sty
Package: fontenc 2018/08/11 v2.0j Standard LaTeX package

(/usr/local/texlive/2019/texmf-dist/tex/latex/base/t1enc.def
File: t1enc.def 2018/08/11 v2.0j Standard LaTeX file
LaTeX Font Info:    Redeclaring font encoding T1 on input line 48.
))
(/usr/local/texlive/2019/texmf-dist/tex/latex/base/textcomp.sty
Package: textcomp 2018/08/11 v2.0j Standard LaTeX package
Package textcomp Info: Sub-encoding information:
(textcomp)               5 = only ISO-Adobe without \textcurrency
(textcomp)               4 = 5 + \texteuro
(textcomp)               3 = 4 + \textohm
(textcomp)               2 = 3 + \textestimated + \textcurrency
(textcomp)               1 = TS1 - \textcircled - \t
(textcomp)               0 = TS1 (full)
(textcomp)             Font families with sub-encoding setting implement
(textcomp)             only a restricted character set as indicated.
(textcomp)             Family '?' is the default used for unknown fonts.
(textcomp)             See the documentation for details.
Package textcomp Info: Setting ? sub-encoding to TS1/1 on input line 79.

(/usr/local/texlive/2019/texmf-dist/tex/latex/base/ts1enc.def
File: ts1enc.def 2001/06/05 v3.0e (jk/car/fm) Standard LaTeX file
Now handling font encoding TS1 ...
... processing UTF-8 mapping file for font encoding TS1

(/usr/local/texlive/2019/texmf-dist/tex/latex/base/ts1enc.dfu
File: ts1enc.dfu 2019/07/11 v1.2j UTF-8 support for inputenc
   defining Unicode char U+00A2 (decimal 162)
   defining Unicode char U+00A3 (decimal 163)
   defining Unicode char U+00A4 (decimal 164)
   defining Unicode char U+00A5 (decimal 165)
   defining Unicode char U+00A6 (decimal 166)
   defining Unicode char U+00A7 (decimal 167)
   defining Unicode char U+00A8 (decimal 168)
   defining Unicode char U+00A9 (decimal 169)
   defining Unicode char U+00AA (decimal 170)
   defining Unicode char U+00AC (decimal 172)
   defining Unicode char U+00AE (decimal 174)
   defining Unicode char U+00AF (decimal 175)
   defining Unicode char U+00B0 (decimal 176)
   defining Unicode char U+00B1 (decimal 177)
   defining Unicode char U+00B2 (decimal 178)
   defining Unicode char U+00B3 (decimal 179)
   defining Unicode char U+00B4 (decimal 180)
   defining Unicode char U+00B5 (decimal 181)
   defining Unicode char U+00B6 (decimal 182)
   defining Unicode char U+00B7 (decimal 183)
   defining Unicode char U+00B9 (decimal 185)
   defining Unicode char U+00BA (decimal 186)
   defining Unicode char U+00BC (decimal 188)
   defining Unicode char U+00BD (decimal 189)
   defining Unicode char U+00BE (decimal 190)
   defining Unicode char U+00D7 (decimal 215)
   defining Unicode char U+00F7 (decimal 247)
   defining Unicode char U+0192 (decimal 402)
   defining Unicode char U+02C7 (decimal 711)
   defining Unicode char U+02D8 (decimal 728)
   defining Unicode char U+02DD (decimal 733)
   defining Unicode char U+0E3F (decimal 3647)
   defining Unicode char U+2016 (decimal 8214)
   defining Unicode char U+2020 (decimal 8224)
   defining Unicode char U+2021 (decimal 8225)
   defining Unicode char U+2022 (decimal 8226)
   defining Unicode char U+2030 (decimal 8240)
   defining Unicode char U+2031 (decimal 8241)
   defining Unicode char U+203B (decimal 8251)
   defining Unicode char U+203D (decimal 8253)
   defining Unicode char U+2044 (decimal 8260)
   defining Unicode char U+204E (decimal 8270)
   defining Unicode char U+2052 (decimal 8274)
   defining Unicode char U+20A1 (decimal 8353)
   defining Unicode char U+20A4 (decimal 8356)
   defining Unicode char U+20A6 (decimal 8358)
   defining Unicode char U+20A9 (decimal 8361)
   defining Unicode char U+20AB (decimal 8363)
   defining Unicode char U+20AC (decimal 8364)
   defining Unicode char U+20B1 (decimal 8369)
   defining Unicode char U+2103 (decimal 8451)
   defining Unicode char U+2116 (decimal 8470)
   defining Unicode char U+2117 (decimal 8471)
   defining Unicode char U+211E (decimal 8478)
   defining Unicode char U+2120 (decimal 8480)
   defining Unicode char U+2122 (decimal 8482)
   defining Unicode char U+2126 (decimal 8486)
   defining Unicode char U+2127 (decimal 8487)
   defining Unicode char U+212E (decimal 8494)
   defining Unicode char U+2190 (decimal 8592)
   defining Unicode char U+2191 (decimal 8593)
   defining Unicode char U+2192 (decimal 8594)
   defining Unicode char U+2193 (decimal 8595)
   defining Unicode char U+2329 (decimal 9001)
   defining Unicode char U+232A (decimal 9002)
   defining Unicode char U+2422 (decimal 9250)
   defining Unicode char U+25E6 (decimal 9702)
   defining Unicode char U+25EF (decimal 9711)
   defining Unicode char U+266A (decimal 9834)
   defining Unicode char U+27E8 (decimal 10216)
   defining Unicode char U+27E9 (decimal 10217)
   defining Unicode char U+FEFF (decimal 65279)
))
LaTeX Info: Redefining \oldstylenums on input line 334.
Package textcomp Info: Setting cmr sub-encoding to TS1/0 on input line 349.
Package textcomp Info: Setting cmss sub-encoding to TS1/0 on input line 350.
Package textcomp Info: Setting cmtt sub-encoding to TS1/0 on input line 351.
Package textcomp Info: Setting cmvtt sub-encoding to TS1/0 on input line 352.
Package textcomp Info: Setting cmbr sub-encoding to TS1/0 on input line 353.
Package textcomp Info: Setting cmtl sub-encoding to TS1/0 on input line 354.
Package textcomp Info: Setting ccr sub-encoding to TS1/0 on input line 355.
Package textcomp Info: Setting ptm sub-encoding to TS1/4 on input line 356.
Package textcomp Info: Setting pcr sub-encoding to TS1/4 on input line 357.
Package textcomp Info: Setting phv sub-encoding to TS1/4 on input line 358.
Package textcomp Info: Setting ppl sub-encoding to TS1/3 on input line 359.
Package textcomp Info: Setting pag sub-encoding to TS1/4 on input line 360.
Package textcomp Info: Setting pbk sub-encoding to TS1/4 on input line 361.
Package textcomp Info: Setting pnc sub-encoding to TS1/4 on input line 362.
Package textcomp Info: Setting pzc sub-encoding to TS1/4 on input line 363.
Package textcomp Info: Setting bch sub-encoding to TS1/4 on input line 364.
Package textcomp Info: Setting put sub-encoding to TS1/5 on input line 365.
Package textcomp Info: Setting uag sub-encoding to TS1/5 on input line 366.
Package textcomp Info: Setting ugq sub-encoding to TS1/5 on input line 367.
Package textcomp Info: Setting ul8 sub-encoding to TS1/4 on input line 368.
Package textcomp Info: Setting ul9 sub-encoding to TS1/4 on input line 369.
Package textcomp Info: Setting augie sub-encoding to TS1/5 on input line 370.
Package textcomp Info: Setting dayrom sub-encoding to TS1/3 on input line 371.
Package textcomp Info: Setting dayroms sub-encoding to TS1/3 on input line 372.

Package textcomp Info: Setting pxr sub-encoding to TS1/0 on input line 373.
Package textcomp Info: Setting pxss sub-encoding to TS1/0 on input line 374.
Package textcomp Info: Setting pxtt sub-encoding to TS1/0 on input line 375.
Package textcomp Info: Setting txr sub-encoding to TS1/0 on input line 376.
Package textcomp Info: Setting txss sub-encoding to TS1/0 on input line 377.
Package textcomp Info: Setting txtt sub-encoding to TS1/0 on input line 378.
Package textcomp Info: Setting lmr sub-encoding to TS1/0 on input line 379.
Package textcomp Info: Setting lmdh sub-encoding to TS1/0 on input line 380.
Package textcomp Info: Setting lmss sub-encoding to TS1/0 on input line 381.
Package textcomp Info: Setting lmssq sub-encoding to TS1/0 on input line 382.
Package textcomp Info: Setting lmvtt sub-encoding to TS1/0 on input line 383.
Package textcomp Info: Setting lmtt sub-encoding to TS1/0 on input line 384.
Package textcomp Info: Setting qhv sub-encoding to TS1/0 on input line 385.
Package textcomp Info: Setting qag sub-encoding to TS1/0 on input line 386.
Package textcomp Info: Setting qbk sub-encoding to TS1/0 on input line 387.
Package textcomp Info: Setting qcr sub-encoding to TS1/0 on input line 388.
Package textcomp Info: Setting qcs sub-encoding to TS1/0 on input line 389.
Package textcomp Info: Setting qpl sub-encoding to TS1/0 on input line 390.
Package textcomp Info: Setting qtm sub-encoding to TS1/0 on input line 391.
Package textcomp Info: Setting qzc sub-encoding to TS1/0 on input line 392.
Package textcomp Info: Setting qhvc sub-encoding to TS1/0 on input line 393.
Package textcomp Info: Setting futs sub-encoding to TS1/4 on input line 394.
Package textcomp Info: Setting futx sub-encoding to TS1/4 on input line 395.
Package textcomp Info: Setting futj sub-encoding to TS1/4 on input line 396.
Package textcomp Info: Setting hlh sub-encoding to TS1/3 on input line 397.
Package textcomp Info: Setting hls sub-encoding to TS1/3 on input line 398.
Package textcomp Info: Setting hlst sub-encoding to TS1/3 on input line 399.
Package textcomp Info: Setting hlct sub-encoding to TS1/5 on input line 400.
Package textcomp Info: Setting hlx sub-encoding to TS1/5 on input line 401.
Package textcomp Info: Setting hlce sub-encoding to TS1/5 on input line 402.
Package textcomp Info: Setting hlcn sub-encoding to TS1/5 on input line 403.
Package textcomp Info: Setting hlcw sub-encoding to TS1/5 on input line 404.
Package textcomp Info: Setting hlcf sub-encoding to TS1/5 on input line 405.
Package textcomp Info: Setting pplx sub-encoding to TS1/3 on input line 406.
Package textcomp Info: Setting pplj sub-encoding to TS1/3 on input line 407.
Package textcomp Info: Setting ptmx sub-encoding to TS1/4 on input line 408.
Package textcomp Info: Setting ptmj sub-encoding to TS1/4 on input line 409.
)
(/usr/local/texlive/2019/texmf-dist/tex/latex/hyperref/hyperref.sty
Package: hyperref 2020/01/14 v7.00d Hypertext links for LaTeX

(/usr/local/texlive/2019/texmf-dist/tex/generic/ltxcmds/ltxcmds.sty
Package: ltxcmds 2019/12/15 v1.24 LaTeX kernel commands for general use (HO)
)
(/usr/local/texlive/2019/texmf-dist/tex/latex/pdftexcmds/pdftexcmds.sty
Package: pdftexcmds 2019/11/24 v0.31 Utility functions of pdfTeX for LuaTeX (HO
)

(/usr/local/texlive/2019/texmf-dist/tex/generic/infwarerr/infwarerr.sty
Package: infwarerr 2019/12/03 v1.5 Providing info/warning/error messages (HO)
)
Package pdftexcmds Info: \pdf@primitive is available.
Package pdftexcmds Info: \pdf@ifprimitive is available.
Package pdftexcmds Info: \pdfdraftmode found.
)
(/usr/local/texlive/2019/texmf-dist/tex/generic/kvsetkeys/kvsetkeys.sty
Package: kvsetkeys 2019/12/15 v1.18 Key value parser (HO)
)
(/usr/local/texlive/2019/texmf-dist/tex/generic/kvdefinekeys/kvdefinekeys.sty
Package: kvdefinekeys 2019-12-19 v1.6 Define keys (HO)
)
(/usr/local/texlive/2019/texmf-dist/tex/generic/pdfescape/pdfescape.sty
Package: pdfescape 2019/12/09 v1.15 Implements pdfTeX's escape features (HO)
)
(/usr/local/texlive/2019/texmf-dist/tex/latex/hycolor/hycolor.sty
Package: hycolor 2019/12/15 v1.9 Color options for hyperref/bookmark (HO)

(/usr/local/texlive/2019/texmf-dist/tex/latex/hycolor/xcolor-patch.sty
Package: xcolor-patch 2019/12/15 xcolor patch

(/usr/local/texlive/2019/texmf-dist/tex/latex/oberdiek/hopatch.sty
Package: hopatch 2016/05/16 v1.3 Wrapper for package hooks (HO)
)))
(/usr/local/texlive/2019/texmf-dist/tex/latex/letltxmacro/letltxmacro.sty
Package: letltxmacro 2019/12/03 v1.6 Let assignment for LaTeX macros (HO)
)
(/usr/local/texlive/2019/texmf-dist/tex/latex/auxhook/auxhook.sty
Package: auxhook 2019-12-17 v1.6 Hooks for auxiliary files (HO)
)
(/usr/local/texlive/2019/texmf-dist/tex/latex/kvoptions/kvoptions.sty
Package: kvoptions 2019/11/29 v3.13 Key value format for package options (HO)
)
\@linkdim=\dimen111
\Hy@linkcounter=\count95
\Hy@pagecounter=\count96

(/usr/local/texlive/2019/texmf-dist/tex/latex/hyperref/pd1enc.def
File: pd1enc.def 2020/01/14 v7.00d Hyperref: PDFDocEncoding definition (HO)
Now handling font encoding PD1 ...
... no UTF-8 mapping file for font encoding PD1
)
(/usr/local/texlive/2019/texmf-dist/tex/generic/intcalc/intcalc.sty
Package: intcalc 2019/12/15 v1.3 Expandable calculations with integers (HO)
)
(/usr/local/texlive/2019/texmf-dist/tex/generic/etexcmds/etexcmds.sty
Package: etexcmds 2019/12/15 v1.7 Avoid name clashes with e-TeX commands (HO)
)
\Hy@SavedSpaceFactor=\count97
\pdfmajorversion=\count98


Package hyperref Warning: Unexpected value for option `pdftex'
(hyperref)                is ignored on input line 4421.

Package hyperref Info: Option `bookmarks' set `true' on input line 4421.

Package hyperref Warning: Option `a4paper' is no longer used.

Package hyperref Info: Option `colorlinks' set `true' on input line 4421.
Package hyperref Info: Option `breaklinks' set `true' on input line 4421.
Package hyperref Info: Hyper figures OFF on input line 4547.
Package hyperref Info: Link nesting OFF on input line 4552.
Package hyperref Info: Hyper index ON on input line 4555.
Package hyperref Info: Plain pages OFF on input line 4562.
Package hyperref Info: Backreferencing ON on input line 4565.
Package hyperref Info: Implicit mode ON; LaTeX internals redefined.
Package hyperref Info: Bookmarks ON on input line 4800.
(/usr/local/texlive/2019/texmf-dist/tex/latex/hyperref/backref.sty
Package: backref 2020/01/14 v1.40 Bibliographical back referencing

(/usr/local/texlive/2019/texmf-dist/tex/latex/rerunfilecheck/rerunfilecheck.sty
Package: rerunfilecheck 2019/12/05 v1.9 Rerun checks for auxiliary files (HO)
(/usr/local/texlive/2019/texmf-dist/tex/latex/atveryend/atveryend.sty
Package: atveryend 2019-12-11 v1.11 Hooks at the very end of document (HO)
Package atveryend Info: \enddocument detected (standard20110627).
)
(/usr/local/texlive/2019/texmf-dist/tex/generic/uniquecounter/uniquecounter.sty
Package: uniquecounter 2019/12/15 v1.4 Provide unlimited unique counter (HO)
(/usr/local/texlive/2019/texmf-dist/tex/generic/bigintcalc/bigintcalc.sty
Package: bigintcalc 2019/12/15 v1.5 Expandable calculations on big integers (HO
)
))
Package uniquecounter Info: New unique counter `rerunfilecheck' on input line 2
86.
))
\c@Hy@tempcnt=\count99

(/usr/local/texlive/2019/texmf-dist/tex/latex/url/url.sty
\Urlmuskip=\muskip10
Package: url 2013/09/16  ver 3.4  Verb mode for urls, etc.
)
LaTeX Info: Redefining \url on input line 5159.
\XeTeXLinkMargin=\dimen112

(/usr/local/texlive/2019/texmf-dist/tex/generic/bitset/bitset.sty
Package: bitset 2019/12/09 v1.3 Handle bit-vector datatype (HO)
)
\Fld@menulength=\count100
\Field@Width=\dimen113
\Fld@charsize=\dimen114
Package hyperref Info: Hyper figures OFF on input line 6430.
Package hyperref Info: Link nesting OFF on input line 6435.
Package hyperref Info: Hyper index ON on input line 6438.
Package hyperref Info: backreferencing ON on input line 6443.
Package hyperref Info: Link coloring ON on input line 6448.
Package hyperref Info: Link coloring with OCG OFF on input line 6455.
Package hyperref Info: PDF/A mode OFF on input line 6460.
LaTeX Info: Redefining \ref on input line 6500.
LaTeX Info: Redefining \pageref on input line 6504.

(/usr/local/texlive/2019/texmf-dist/tex/generic/atbegshi/atbegshi.sty
Package: atbegshi 2019/12/05 v1.19 At begin shipout hook (HO)
)
\Hy@abspage=\count101
\c@Item=\count102
\c@Hfootnote=\count103
)
Package hyperref Info: Driver: hpdftex.

(/usr/local/texlive/2019/texmf-dist/tex/latex/hyperref/hpdftex.def
File: hpdftex.def 2020/01/14 v7.00d Hyperref driver for pdfTeX
\Fld@listcount=\count104
\c@bookmark@seq@number=\count105
\Hy@SectionHShift=\skip43
)
\pagenrlog=\write5
\openout5 = `coco.pnr'.


(/usr/local/texlive/texmf-local/tex/latex/dblatex/misc/enumitem.sty
Package: enumitem 2004/07/19 v1.0 Customized lists
\labelindent=\skip44
\enit@outerparindent=\dimen115
)
(./coco.aux)
\openout1 = `coco.aux'.

LaTeX Font Info:    Checking defaults for OML/cmm/m/it on input line 87.
LaTeX Font Info:    ... okay on input line 87.
LaTeX Font Info:    Checking defaults for T1/cmr/m/n on input line 87.
LaTeX Font Info:    ... okay on input line 87.
LaTeX Font Info:    Checking defaults for OT1/cmr/m/n on input line 87.
LaTeX Font Info:    ... okay on input line 87.
LaTeX Font Info:    Checking defaults for OMS/cmsy/m/n on input line 87.
LaTeX Font Info:    ... okay on input line 87.
LaTeX Font Info:    Checking defaults for OMX/cmex/m/n on input line 87.
LaTeX Font Info:    ... okay on input line 87.
LaTeX Font Info:    Checking defaults for U/cmr/m/n on input line 87.
LaTeX Font Info:    ... okay on input line 87.
LaTeX Font Info:    Checking defaults for TS1/cmr/m/n on input line 87.
LaTeX Font Info:    Trying to load font information for TS1+cmr on input line 8
7.
 (/usr/local/texlive/2019/texmf-dist/tex/latex/base/ts1cmr.fd
File: ts1cmr.fd 2014/09/29 v2.5h Standard LaTeX font definitions
)
LaTeX Font Info:    ... okay on input line 87.
LaTeX Font Info:    Checking defaults for PD1/pdf/m/n on input line 87.
LaTeX Font Info:    ... okay on input line 87.
LaTeX Font Info:    Trying to load font information for T1+ptm on input line 87
.

(/usr/local/texlive/2019/texmf-dist/tex/latex/psnfss/t1ptm.fd
File: t1ptm.fd 2001/06/04 font definitions for T1/ptm.
)
*geometry* driver: auto-detecting
*geometry* detected driver: pdftex
*geometry* verbose mode - [ preamble ] result:
* driver: pdftex
* paper: a4paper
* layout: <same size as paper>
* layoutoffset:(h,v)=(0.0pt,0.0pt)
* modes: 
* h-part:(L,W,R)=(76.82243pt, 443.863pt, 76.82243pt)
* v-part:(T,H,B)=(105.27519pt, 634.49646pt, 105.27519pt)
* \paperwidth=597.50787pt
* \paperheight=845.04684pt
* \textwidth=443.863pt
* \textheight=634.49646pt
* \oddsidemargin=4.55244pt
* \evensidemargin=4.55244pt
* \topmargin=-3.9948pt
* \headheight=12.0pt
* \headsep=25.0pt
* \topskip=11.0pt
* \footskip=30.0pt
* \marginparwidth=50.0pt
* \marginparsep=10.0pt
* \columnsep=10.0pt
* \skip\footins=10.0pt plus 4.0pt minus 2.0pt
* \hoffset=0.0pt
* \voffset=0.0pt
* \mag=1000
* \@twocolumnfalse
* \@twosidefalse
* \@mparswitchfalse
* \@reversemarginfalse
* (1in=72.27pt=25.4mm, 1cm=28.453pt)

(/usr/local/texlive/2019/texmf-dist/tex/context/base/mkii/supp-pdf.mkii
[Loading MPS to PDF converter (version 2006.09.02).]
\scratchcounter=\count106
\scratchdimen=\dimen116
\scratchbox=\box28
\nofMPsegments=\count107
\nofMParguments=\count108
\everyMPshowfont=\toks19
\MPscratchCnt=\count109
\MPscratchDim=\dimen117
\MPnumerator=\count110
\makeMPintoPDFobject=\count111
\everyMPtoPDFconversion=\toks20
)
\big@size=\dimen118
\AtBeginShipoutBox=\box29
Package hyperref Info: Link coloring ON on input line 87.
 (/usr/local/texlive/2019/texmf-dist/tex/latex/hyperref/nameref.sty
Package: nameref 2019/09/16 v2.46 Cross-referencing by name of section

(/usr/local/texlive/2019/texmf-dist/tex/latex/refcount/refcount.sty
Package: refcount 2019/12/15 v3.6 Data extraction from label references (HO)
)
(/usr/local/texlive/2019/texmf-dist/tex/generic/gettitlestring/gettitlestring.s
ty
Package: gettitlestring 2019/12/15 v1.6 Cleanup title references (HO)
)
\c@section@level=\count112
)
LaTeX Info: Redefining \ref on input line 87.
LaTeX Info: Redefining \pageref on input line 87.
LaTeX Info: Redefining \nameref on input line 87.
 (./coco.out) (./coco.out)
\@outlinefile=\write6
\openout6 = `coco.out'.

LaTeX Font Info:    Font shape `T1/ptm/bx/n' in size <50> not available
(Font)              Font shape `T1/ptm/b/n' tried instead on input line 93.
LaTeX Font Info:    Trying to load font information for T1+phv on input line 93
.

(/usr/local/texlive/2019/texmf-dist/tex/latex/psnfss/t1phv.fd
File: t1phv.fd 2001/06/04 scalable font definitions for T1/phv.
)
LaTeX Font Info:    Font shape `T1/phv/bx/n' in size <50> not available
(Font)              Font shape `T1/phv/b/n' tried instead on input line 93.
LaTeX Font Info:    Font shape `T1/ptm/bx/n' in size <14.4> not available
(Font)              Font shape `T1/ptm/b/n' tried instead on input line 100.
LaTeX Font Info:    Font shape `T1/ptm/bx/n' in size <10> not available
(Font)              Font shape `T1/ptm/b/n' tried instead on input line 108.
LaTeX Font Info:    Trying to load font information for T1+cmtt on input line 1
08.

(/usr/local/texlive/2019/texmf-dist/tex/latex/base/t1cmtt.fd
File: t1cmtt.fd 2014/09/29 v2.5h Standard LaTeX font definitions
)
Underfull \hbox (badness 10000) in paragraph at lines 106--113

 []

[1

{/usr/local/texlive/2019/texmf-var/fonts/map/pdftex/updmap/pdftex.map}]
LaTeX Font Info:    Trying to load font information for TS1+ptm on input line 1
19.

(/usr/local/texlive/2019/texmf-dist/tex/latex/psnfss/ts1ptm.fd
File: ts1ptm.fd 2001/06/04 font definitions for TS1/ptm.
)
Underfull \hbox (badness 10000) in paragraph at lines 121--123

 []

[2]
LaTeX Font Info:    Font shape `T1/ptm/bx/n' in size <24.88> not available
(Font)              Font shape `T1/ptm/b/n' tried instead on input line 127.
 (./coco.toc
LaTeX Font Info:    Font shape `T1/ptm/bx/n' in size <10.95> not available
(Font)              Font shape `T1/ptm/b/n' tried instead on input line 1.
LaTeX Font Info:    Trying to load font information for OT1+ztmcm on input line
 2.

(/usr/local/texlive/2019/texmf-dist/tex/latex/psnfss/ot1ztmcm.fd
File: ot1ztmcm.fd 2000/01/03 Fontinst v1.801 font definitions for OT1/ztmcm.
)
LaTeX Font Info:    Trying to load font information for OML+ztmcm on input line
 2.

(/usr/local/texlive/2019/texmf-dist/tex/latex/psnfss/omlztmcm.fd
File: omlztmcm.fd 2000/01/03 Fontinst v1.801 font definitions for OML/ztmcm.
)
LaTeX Font Info:    Trying to load font information for OMS+ztmcm on input line
 2.

(/usr/local/texlive/2019/texmf-dist/tex/latex/psnfss/omsztmcm.fd
File: omsztmcm.fd 2000/01/03 Fontinst v1.801 font definitions for OMS/ztmcm.
)
LaTeX Font Info:    Trying to load font information for OMX+ztmcm on input line
 2.

(/usr/local/texlive/2019/texmf-dist/tex/latex/psnfss/omxztmcm.fd
File: omxztmcm.fd 2000/01/03 Fontinst v1.801 font definitions for OMX/ztmcm.
)
LaTeX Font Info:    Trying to load font information for OT1+ptm on input line 2
.

(/usr/local/texlive/2019/texmf-dist/tex/latex/psnfss/ot1ptm.fd
File: ot1ptm.fd 2001/06/04 font definitions for OT1/ptm.
)
LaTeX Font Info:    Font shape `OT1/ptm/bx/n' in size <10.95> not available
(Font)              Font shape `OT1/ptm/b/n' tried instead on input line 2.
LaTeX Font Info:    Font shape `OT1/ptm/bx/n' in size <8> not available
(Font)              Font shape `OT1/ptm/b/n' tried instead on input line 2.
LaTeX Font Info:    Font shape `OT1/ptm/bx/n' in size <6> not available
(Font)              Font shape `OT1/ptm/b/n' tried instead on input line 2.
)
\tf@toc=\write7
\openout7 = `coco.toc'.

 [3

]
Chapter 1.
LaTeX Font Info:    Font shape `T1/ptm/bx/n' in size <20.74> not available
(Font)              Font shape `T1/ptm/b/n' tried instead on input line 131.
LaTeX Font Info:    Font shape `T1/phv/bx/n' in size <14.4> not available
(Font)              Font shape `T1/phv/b/n' tried instead on input line 158.
LaTeX Font Info:    Font shape `T1/ptm/bx/n' in size <12> not available
(Font)              Font shape `T1/ptm/b/n' tried instead on input line 177.

Underfull \hbox (badness 10000) in paragraph at lines 180--183

 []

[4

]
LaTeX Font Info:    Font shape `T1/cmtt/bx/n' in size <10> not available
(Font)              Font shape `T1/cmtt/m/n' tried instead on input line 192.

Underfull \hbox (badness 10000) in paragraph at lines 227--230

 []


Underfull \hbox (badness 10000) in paragraph at lines 253--256

 []

[5]
Underfull \hbox (badness 10000) in paragraph at lines 276--279

 []


Underfull \hbox (badness 10000) in paragraph at lines 292--295

 []

[6]
Underfull \hbox (badness 10000) in paragraph at lines 352--355

 []


Underfull \hbox (badness 10000) in paragraph at lines 369--372

 []

[7]
Underfull \hbox (badness 10000) in paragraph at lines 383--386

 []


Underfull \hbox (badness 10000) in paragraph at lines 397--400

 []

LaTeX Font Info:    Font shape `T1/cmtt/bx/n' in size <10.95> not available
(Font)              Font shape `T1/cmtt/m/n' tried instead on input line 404.

Underfull \hbox (badness 10000) in paragraph at lines 430--433

 []

[8]
Underfull \hbox (badness 10000) in paragraph at lines 463--466

 []


Underfull \hbox (badness 10000) in paragraph at lines 478--481

 []

[9]
Underfull \hbox (badness 10000) in paragraph at lines 499--508

 []


Underfull \hbox (badness 10000) in paragraph at lines 517--523

 []


Underfull \hbox (badness 10000) in paragraph at lines 532--538

 []


Underfull \hbox (badness 10000) in paragraph at lines 555--558

 []

[10]
Underfull \hbox (badness 10000) in paragraph at lines 575--581

 []


Underfull \hbox (badness 10000) in paragraph at lines 604--607

 []


Underfull \hbox (badness 10000) in paragraph at lines 616--628

 []

[11]
Underfull \hbox (badness 10000) in paragraph at lines 654--660

 []


Underfull \hbox (badness 10000) in paragraph at lines 698--701

 []


Underfull \hbox (badness 10000) in paragraph at lines 710--713

 []

[12]
Underfull \hbox (badness 10000) in paragraph at lines 722--725

 []


Underfull \hbox (badness 10000) in paragraph at lines 748--751

 []


Underfull \hbox (badness 10000) in paragraph at lines 760--766

 []

[13]
Underfull \hbox (badness 10000) in paragraph at lines 799--802

 []


Underfull \hbox (badness 10000) in paragraph at lines 824--827

 []


Underfull \hbox (badness 10000) in paragraph at lines 838--841

 []


Underfull \hbox (badness 10000) in paragraph at lines 858--861

 []

[14]
Underfull \hbox (badness 10000) in paragraph at lines 897--900

 []

[15]
Underfull \hbox (badness 10000) in paragraph at lines 929--932

 []


Underfull \hbox (badness 10000) in paragraph at lines 955--958

 []


Underfull \hbox (badness 10000) in paragraph at lines 969--972

 []

[16]
Underfull \hbox (badness 10000) in paragraph at lines 983--986

 []


Underfull \hbox (badness 10000) in paragraph at lines 996--999

 []


Underfull \hbox (badness 10000) in paragraph at lines 1026--1032

 []

[17]
Underfull \hbox (badness 10000) in paragraph at lines 1067--1070

 []


Underfull \hbox (badness 10000) in paragraph at lines 1095--1098

 []


Underfull \hbox (badness 10000) in paragraph at lines 1121--1124

 []

[18]
Underfull \hbox (badness 10000) in paragraph at lines 1143--1146

 []


Underfull \hbox (badness 10000) in paragraph at lines 1163--1166

 []


Underfull \hbox (badness 10000) in paragraph at lines 1198--1201

 []

[19]
Underfull \hbox (badness 10000) in paragraph at lines 1210--1216

 []


Underfull \hbox (badness 10000) in paragraph at lines 1225--1231

 []


Underfull \hbox (badness 10000) in paragraph at lines 1240--1246

 []


Underfull \hbox (badness 10000) in paragraph at lines 1258--1264

 []


Underfull \hbox (badness 10000) in paragraph at lines 1266--1267
[]\T1/ptm/m/n/10.95 Returns \T1/cmtt/m/n/10.95 true \T1/ptm/m/n/10.95 if [] and
 [] are iso-mor-phic, and \T1/cmtt/m/n/10.95 false \T1/ptm/m/n/10.95 oth-er-wis
e (cf.
 []


Underfull \hbox (badness 10000) in paragraph at lines 1273--1279

 []


Underfull \hbox (badness 2671) in paragraph at lines 1281--1282
[]\T1/ptm/m/n/10.95 Returns \T1/cmtt/m/n/10.95 true \T1/ptm/m/n/10.95 if [] is 
an iso-mor-phism fro [] to [], and \T1/cmtt/m/n/10.95 false \T1/ptm/m/n/10.95 o
th-er-wise (cf.
 []


Underfull \hbox (badness 10000) in paragraph at lines 1288--1291

 []

[20]
Underfull \hbox (badness 10000) in paragraph at lines 1300--1303

 []


Underfull \hbox (badness 10000) in paragraph at lines 1312--1315

 []


Underfull \hbox (badness 10000) in paragraph at lines 1328--1331

 []


Underfull \hbox (badness 10000) in paragraph at lines 1340--1343

 []


Underfull \hbox (badness 10000) in paragraph at lines 1347--1349
[]\T1/ptm/m/n/10.95 Here a color iso-mor-phism is an or-dered pair \T1/cmtt/m/n
/10.95 [f,g]\T1/ptm/m/n/10.95 , where \T1/cmtt/m/n/10.95 f \T1/ptm/m/n/10.95 is
 a bi-jec-tion
 []


Underfull \hbox (badness 10000) in paragraph at lines 1347--1349
\T1/ptm/m/n/10.95 from \T1/cmtt/m/n/10.95 [1..Order(cgr1)] \T1/ptm/m/n/10.95 to
 \T1/cmtt/m/n/10.95 [1..Order(cgr2)] \T1/ptm/m/n/10.95 and where \T1/cmtt/m/n/1
0.95 g \T1/ptm/m/n/10.95 is a bi-jec-tion from
 []


Underfull \hbox (badness 4913) in paragraph at lines 1347--1349
\T1/cmtt/m/n/10.95 [1..Rank(cgr1)] \T1/ptm/m/n/10.95 to \T1/cmtt/m/n/10.95 [1..
Rank(cgr2)]\T1/ptm/m/n/10.95 , such that \T1/cmtt/m/n/10.95 ArcColorOfColorGrap
h(cgr1,u,v)^g
 []


Underfull \hbox (badness 10000) in paragraph at lines 1357--1360

 []

[21]
Underfull \hbox (badness 10000) in paragraph at lines 1371--1377

 []


Underfull \hbox (badness 1622) in paragraph at lines 1379--1380
[]\T1/ptm/m/n/10.95 This op-er-a-tion re-turns \T1/cmtt/m/n/10.95 true \T1/ptm/
m/n/10.95 if [] is a col-ori-so-mor-phism from [] to [] (see
 []


Underfull \hbox (badness 10000) in paragraph at lines 1386--1389

 []


Underfull \hbox (badness 10000) in paragraph at lines 1407--1410

 []


Underfull \hbox (badness 10000) in paragraph at lines 1421--1424

 []


Underfull \hbox (badness 10000) in paragraph at lines 1433--1436

 []

[22]
Chapter 2.

Underfull \hbox (badness 10000) in paragraph at lines 1468--1471

 []


Underfull \hbox (badness 10000) in paragraph at lines 1481--1484

 []


Underfull \hbox (badness 10000) in paragraph at lines 1506--1515

 []

[23

]
Underfull \hbox (badness 10000) in paragraph at lines 1524--1530

 []


Underfull \hbox (badness 10000) in paragraph at lines 1539--1542

 []


Underfull \hbox (badness 10000) in paragraph at lines 1551--1554

 []


Underfull \hbox (badness 2980) in paragraph at lines 1556--1557
[]\T1/ptm/m/n/10.95 If [] is the struc-ture con-stants ten-sor of the WL-stable
 color graph \T1/cmtt/m/n/10.95 cgr\T1/ptm/m/n/10.95 , then
 []


Underfull \hbox (badness 10000) in paragraph at lines 1575--1578

 []


Underfull \hbox (badness 10000) in paragraph at lines 1587--1590

 []


Underfull \hbox (badness 2980) in paragraph at lines 1592--1593
[]\T1/ptm/m/n/10.95 If [] is the struc-ture con-stants ten-sor of the WL-stable
 color graph \T1/cmtt/m/n/10.95 cgr\T1/ptm/m/n/10.95 , then
 []

[24]
Underfull \hbox (badness 10000) in paragraph at lines 1619--1622

 []


Underfull \hbox (badness 2980) in paragraph at lines 1624--1625
[]\T1/ptm/m/n/10.95 If [] is the struc-ture con-stants ten-sor of the WL-stable
 color graph \T1/cmtt/m/n/10.95 cgr\T1/ptm/m/n/10.95 , then
 []


Underfull \hbox (badness 10000) in paragraph at lines 1631--1634

 []


Underfull \hbox (badness 2980) in paragraph at lines 1636--1637
[]\T1/ptm/m/n/10.95 If [] is the struc-ture con-stants ten-sor of the WL-stable
 color graph \T1/cmtt/m/n/10.95 cgr\T1/ptm/m/n/10.95 , then
 []


Underfull \hbox (badness 10000) in paragraph at lines 1643--1646

 []


Underfull \hbox (badness 10000) in paragraph at lines 1657--1660

 []

[25]
Underfull \hbox (badness 10000) in paragraph at lines 1671--1674

 []


Underfull \hbox (badness 10000) in paragraph at lines 1685--1688

 []


Underfull \hbox (badness 10000) in paragraph at lines 1699--1702

 []


Underfull \hbox (badness 10000) in paragraph at lines 1717--1720

 []


Underfull \hbox (badness 10000) in paragraph at lines 1732--1735

 []

[26]
Underfull \hbox (badness 7238) in paragraph at lines 1737--1738
[][] \T1/ptm/m/n/10.95 has this prop-erty, if for all $\OML/ztmcm/m/it/10.95 i;
 j; k$ \T1/ptm/m/n/10.95 holds \T1/cmtt/m/n/10.95 EntryOfTensor(tensor,i,j,k)=
 []


Underfull \hbox (badness 10000) in paragraph at lines 1744--1747

 []


Underfull \hbox (badness 10000) in paragraph at lines 1756--1759

 []


Underfull \hbox (badness 10000) in paragraph at lines 1777--1780

 []


Underfull \hbox (badness 10000) in paragraph at lines 1789--1795

 []


Underfull \hbox (badness 10000) in paragraph at lines 1804--1810

 []


Underfull \hbox (badness 10000) in paragraph at lines 1819--1825

 []

[27]
Underfull \hbox (badness 10000) in paragraph at lines 1834--1840

 []


Underfull \hbox (badness 10000) in paragraph at lines 1849--1855

 []


Underfull \hbox (badness 10000) in paragraph at lines 1875--1878

 []

[28]
Chapter 3.
pdfTeX warning (ext4): destination with the same identifier (name{L.X7DFB63A97E
67C0A1}) has been already used, duplicate ignored
<to be read again> 
                   \relax 
l.1905 \hyperdef{L}{X7DFB63A97E67C0A1}{}
                                        
Underfull \hbox (badness 10000) in paragraph at lines 1936--1939

 []


Underfull \hbox (badness 10000) in paragraph at lines 1951--1954

 []

[29

]
Underfull \hbox (badness 10000) in paragraph at lines 1963--1966

 []


Underfull \hbox (badness 10000) in paragraph at lines 1975--1978

 []


Underfull \hbox (badness 10000) in paragraph at lines 1998--2004

 []


Underfull \hbox (badness 10000) in paragraph at lines 2018--2021

 []


Underfull \hbox (badness 3872) in paragraph at lines 2023--2024
[][] \T1/ptm/m/n/10.95 is a good set. [] has to be a sub-group of the au-to-mor
-phism group of
 []


Underfull \hbox (badness 10000) in paragraph at lines 2032--2035

 []

[30]
Underfull \hbox (badness 10000) in paragraph at lines 2045--2048

 []


Underfull \hbox (badness 10000) in paragraph at lines 2057--2060

 []


Underfull \hbox (badness 10000) in paragraph at lines 2069--2072

 []


Overfull \hbox (0.94629pt too wide) in paragraph at lines 2074--2075
[]\T1/ptm/m/n/10.95 This func-tion re-turns the set-wise sta-bi-lizer of \T1/cm
tt/m/n/10.95 CanonicalRepresentativeOfCocoOrbit(gsorb)
 []


Underfull \hbox (badness 10000) in paragraph at lines 2081--2084

 []


Underfull \hbox (badness 10000) in paragraph at lines 2093--2096

 []


Underfull \hbox (badness 10000) in paragraph at lines 2105--2108

 []


Underfull \hbox (badness 10000) in paragraph at lines 2117--2120

 []

[31]
Underfull \hbox (badness 10000) in paragraph at lines 2130--2133

 []


Underfull \hbox (badness 10000) in paragraph at lines 2158--2161

 []


Underfull \hbox (badness 10000) in paragraph at lines 2170--2173

 []


Underfull \hbox (badness 10000) in paragraph at lines 2182--2185

 []


Underfull \hbox (badness 2941) in paragraph at lines 2187--2190
[]\T1/ptm/m/n/10.95 Converts the fu-sion ob-ject [] into a list of sets. In con
-trast to te re-sult of
 []


Underfull \hbox (badness 10000) in paragraph at lines 2196--2199

 []

[32]
Underfull \hbox (badness 10000) in paragraph at lines 2208--2211

 []


Underfull \hbox (badness 10000) in paragraph at lines 2223--2226

 []


Underfull \hbox (badness 10000) in paragraph at lines 2245--2251

 []


Underfull \hbox (badness 10000) in paragraph at lines 2263--2266

 []


Underfull \hbox (badness 10000) in paragraph at lines 2277--2280

 []

[33]
Underfull \hbox (badness 10000) in paragraph at lines 2290--2293

 []


Underfull \hbox (badness 10000) in paragraph at lines 2302--2305

 []


Underfull \hbox (badness 10000) in paragraph at lines 2314--2317

 []


Overfull \hbox (52.16989pt too wide) in paragraph at lines 2319--2320
[]\T1/ptm/m/n/10.95 This func-tion re-turns the partition-wise sta-bi-lizer of 
\T1/cmtt/m/n/10.95 CanonicalRepresentativeOfCocoOrbit(fusionorb)
 []


Underfull \hbox (badness 10000) in paragraph at lines 2326--2329

 []


Underfull \hbox (badness 10000) in paragraph at lines 2338--2341

 []


Underfull \hbox (badness 10000) in paragraph at lines 2350--2353

 []


Underfull \hbox (badness 10000) in paragraph at lines 2362--2365

 []

[34]
Underfull \hbox (badness 10000) in paragraph at lines 2375--2378

 []

[35]
Chapter 4.
pdfTeX warning (ext4): destination with the same identifier (name{L.X7DFB63A97E
67C0A1}) has been already used, duplicate ignored
<to be read again> 
                   \relax 
l.2402 \hyperdef{L}{X7DFB63A97E67C0A1}{}
                                        
Underfull \hbox (badness 10000) in paragraph at lines 2423--2426

 []


Underfull \hbox (badness 10000) in paragraph at lines 2447--2450

 []

[36

]
Underfull \hbox (badness 10000) in paragraph at lines 2460--2463

 []


Underfull \hbox (badness 10000) in paragraph at lines 2472--2475

 []


Underfull \hbox (badness 10000) in paragraph at lines 2484--2487

 []


Underfull \hbox (badness 10000) in paragraph at lines 2496--2502

 []


Underfull \hbox (badness 10000) in paragraph at lines 2513--2519

 []


Underfull \hbox (badness 10000) in paragraph at lines 2530--2533

 []


Underfull \hbox (badness 10000) in paragraph at lines 2542--2545

 []

[37]
Underfull \hbox (badness 10000) in paragraph at lines 2554--2557

 []


Underfull \hbox (badness 10000) in paragraph at lines 2566--2569

 []


Underfull \hbox (badness 10000) in paragraph at lines 2588--2591

 []


Underfull \hbox (badness 10000) in paragraph at lines 2603--2606

 []


Underfull \hbox (badness 10000) in paragraph at lines 2616--2619

 []

[38] [39]
Chapter 5.
pdfTeX warning (ext4): destination with the same identifier (name{L.X7DFB63A97E
67C0A1}) has been already used, duplicate ignored
<to be read again> 
                   \relax 
l.2656 \hyperdef{L}{X7DFB63A97E67C0A1}{}
                                         [40

]
Underfull \hbox (badness 10000) in paragraph at lines 2736--2739

 []

[41]
Underfull \hbox (badness 10000) in paragraph at lines 2765--2768

 []


Underfull \hbox (badness 10000) in paragraph at lines 2787--2790

 []

(./coco.bbl (./coco.brf)
\tf@brf=\write8
\openout8 = `coco.brf'.

 [42]) [43

] (./coco.ind [44


]
Underfull \hbox (badness 10000) in paragraph at lines 169--171
[]\T1/cmtt/m/n/10.95 Known\T1/ptm/m/n/10.95 -\T1/cmtt/m/n/10.95 Group\T1/ptm/m/
n/10.95 -\T1/cmtt/m/n/10.95 Of\T1/ptm/m/n/10.95 -\T1/cmtt/m/n/10.95 Color\T1/pt
m/m/n/10.95 -\T1/cmtt/m/n/10.95 Automorphisms\T1/ptm/m/n/10.95 -\T1/cmtt/m/n/10
.95 On\T1/ptm/m/n/10.95 -
 []

[45]
Underfull \hbox (badness 10000) in paragraph at lines 252--253
[]\T1/cmtt/m/n/10.95 Sub\T1/ptm/m/n/10.95 -\T1/cmtt/m/n/10.95 Orbits\T1/ptm/m/n
/10.95 -\T1/cmtt/m/n/10.95 With\T1/ptm/m/n/10.95 -\T1/cmtt/m/n/10.95 Invariant\
T1/ptm/m/n/10.95 -\T1/cmtt/m/n/10.95 Property\T1/ptm/m/n/10.95 -\T1/cmtt/m/n/10
.95 Of\T1/ptm/m/n/10.95 -\T1/cmtt/m/n/10.95 Coco\T1/ptm/m/n/10.95 -
 []

[46])
Package atveryend Info: Empty hook `BeforeClearDocument' on input line 2835.
Package atveryend Info: Empty hook `AfterLastShipout' on input line 2835.
 (./coco.aux)
Package atveryend Info: Executing hook `AtVeryEndDocument' on input line 2835.
Package atveryend Info: Executing hook `AtEndAfterFileList' on input line 2835.

Package rerunfilecheck Info: File `coco.out' has not changed.
(rerunfilecheck)             Checksum: 4FA1B61D4898B0344567E5FAFD092E89;2000.
Package rerunfilecheck Info: File `coco.brf' has not changed.
(rerunfilecheck)             Checksum: 1CD632F45D1EDE34D759478BA2A7B791;411.
Package atveryend Info: Empty hook `AtVeryVeryEnd' on input line 2835.
 ) 
Here is how much of TeX's memory you used:
 8136 strings out of 492162
 123181 string characters out of 6125292
 211296 words of memory out of 5000000
 11930 multiletter control sequences out of 15000+600000
 75476 words of font info for 95 fonts, out of 8000000 for 9000
 1141 hyphenation exceptions out of 8191
 46i,8n,31p,696b,628s stack positions out of 5000i,500n,10000p,200000b,80000s
{/usr/local/texlive/2019/texmf-dist/fonts/enc/dvips/cm-super/cm-super-t1.enc}
{/usr/local/texlive/2019/texmf-dist/fonts/enc/dvips/base/8r.enc}</usr/local/tex
live/2019/texmf-dist/fonts/type1/public/amsfonts/cm/cmmi10.pfb></usr/local/texl
ive/2019/texmf-dist/fonts/type1/public/amsfonts/cm/cmr10.pfb></usr/local/texliv
e/2019/texmf-dist/fonts/type1/public/amsfonts/cm/cmsy10.pfb></usr/local/texlive
/2019/texmf-dist/fonts/type1/public/cm-super/sfst1095.pfb></usr/local/texlive/2
019/texmf-dist/fonts/type1/public/cm-super/sftt1000.pfb></usr/local/texlive/201
9/texmf-dist/fonts/type1/public/cm-super/sftt1095.pfb></usr/local/texlive/2019/
texmf-dist/fonts/type1/urw/helvetic/uhvb8a.pfb></usr/local/texlive/2019/texmf-d
ist/fonts/type1/urw/helvetic/uhvr8a.pfb></usr/local/texlive/2019/texmf-dist/fon
ts/type1/urw/helvetic/uhvro8a.pfb></usr/local/texlive/2019/texmf-dist/fonts/typ
e1/urw/symbol/usyr.pfb></usr/local/texlive/2019/texmf-dist/fonts/type1/urw/time
s/utmb8a.pfb></usr/local/texlive/2019/texmf-dist/fonts/type1/urw/times/utmr8a.p
fb></usr/local/texlive/2019/texmf-dist/fonts/type1/urw/times/utmr8a.pfb></usr/l
ocal/texlive/2019/texmf-dist/fonts/type1/urw/times/utmri8a.pfb>
Output written on coco.pdf (46 pages, 307969 bytes).
PDF statistics:
 1003 PDF objects out of 1200 (max. 8388607)
 931 compressed objects within 10 object streams
 381 named destinations out of 1000 (max. 500000)
 233 words of extra memory for PDF output out of 10000 (max. 10000000)

